Arguments: 
  C:\Program Files\nodejs\node.exe C:\Program Files (x86)\Yarn\bin\yarn.js start

PATH: 
  C:\Program Files (x86)\Intel\Intel(R) Management Engine Components\iCLS\;C:\Program Files\Intel\Intel(R) Management Engine Components\iCLS\;C:\Windows\system32;C:\Windows;C:\Windows\System32\Wbem;C:\Windows\System32\WindowsPowerShell\v1.0\;C:\Windows\System32\OpenSSH\;C:\Program Files (x86)\NVIDIA Corporation\PhysX\Common;C:\WINDOWS\system32;C:\WINDOWS;C:\WINDOWS\System32\Wbem;C:\WINDOWS\System32\WindowsPowerShell\v1.0\;C:\WINDOWS\System32\OpenSSH\;C:\Program Files\nodejs\;C:\Program Files (x86)\Intel\Intel(R) Management Engine Components\DAL;C:\Program Files\Intel\Intel(R) Management Engine Components\DAL;C:\Program Files (x86)\Intel\Intel(R) Management Engine Components\IPT;C:\Program Files\Intel\Intel(R) Management Engine Components\IPT;D:\New folder\Git\cmd;C:\Program Files\NVIDIA Corporation\NVIDIA NvDLISR;C:\Program Files (x86)\Yarn\bin\;C:\Users\crs32\AppData\Local\Microsoft\WindowsApps;C:\Users\crs32\AppData\Local\atom\bin;C:\Users\crs32\AppData\Roaming\npm;C:\Users\crs32\AppData\Local\Programs\Microsoft VS Code\bin;C:\Users\crs32\AppData\Local\GitHubDesktop\bin;C:\Users\crs32\AppData\Local\Yarn\bin

Yarn version: 
  1.17.3

Node version: 
  10.16.0

Platform: 
  win32 x64

Trace: 
  SyntaxError: C:\Users\crs32\Desktop\Lambda\FrontEnd\recareer-fontend\package.json: Unexpected token / in JSON at position 222
      at JSON.parse (<anonymous>)
      at C:\Program Files (x86)\Yarn\lib\cli.js:1625:59
      at Generator.next (<anonymous>)
      at step (C:\Program Files (x86)\Yarn\lib\cli.js:304:30)
      at C:\Program Files (x86)\Yarn\lib\cli.js:315:13

npm manifest: 
  {
      "name": "prisoner-skills",
      "version": "1.0.0",
      "description": "Buil Week Project",
      "main": "server.js",
      "scripts": {
        "start": "node server.js"
      },
      "repository": {
        "type": "git"
      //   "url": "git+https://github.com/LambdaSchool/Sprint-Challenge--Redux.git"
      },
      "keywords": [],
      "author": "Lambda School",
      "license": "ISC",
      // "bugs": {
      //   "url": "https://github.com/LambdaSchool/Sprint-Challenge--Redux/issues"
      // },
      // "homepage": "https://github.com/LambdaSchool/Sprint-Challenge--Redux#readme",
      "dependencies": {
        "cors": "^2.8.5",
        "express": "^4.17.1"
      },
      "devDependencies": {
        "nodemon": "^1.19.1"
      }
    }

yarn manifest: 
  No manifest

Lockfile: 
  # THIS IS AN AUTOGENERATED FILE. DO NOT EDIT THIS FILE DIRECTLY.
  # yarn lockfile v1
